nohup: ignoring input
INFO:     Uvicorn running on http://0.0.0.0:8000 (Press CTRL+C to quit)
INFO:     Started parent process [1884645]
INFO:     Started server process [1884658]
INFO:     Waiting for application startup.
INFO:     Application startup complete.
INFO:     Started server process [1884657]
INFO:     Waiting for application startup.
INFO:     Application startup complete.
INFO:     127.0.0.1:35826 - "GET /health HTTP/1.1" 200 OK
INFO:     127.0.0.1:35832 - "GET /openapi.json HTTP/1.1" 200 OK
INFO:     Shutting down
INFO:     Waiting for application shutdown.
INFO:     Application shutdown complete.
INFO:     Finished server process [1884657]
INFO:     Shutting down
INFO:     Waiting for application shutdown.
INFO:     Application shutdown complete.
INFO:     Finished server process [1884658]
INFO:     Stopping parent process [1884645]
